{"C:\\Curso de React\\Proyectos\\full stack paginas desarrolladas\\ventas_kevin\\server\\src\\config\\nodeMailer.ts": {"path":"C:\\Curso de React\\Proyectos\\full stack paginas desarrolladas\\ventas_kevin\\server\\src\\config\\nodeMailer.ts","statementMap":{"0":{"start":{"line":1,"column":0},"end":{"line":1,"column":28}},"1":{"start":{"line":2,"column":0},"end":{"line":2,"column":36}},"2":{"start":{"line":4,"column":0},"end":{"line":4,"column":null}},"3":{"start":{"line":13,"column":15},"end":{"line":22,"column":1}},"4":{"start":{"line":14,"column":4},"end":{"line":21,"column":null}},"5":{"start":{"line":23,"column":13},"end":{"line":23,"column":62}}},"fnMap":{"0":{"name":"(anonymous_1)","decl":{"start":{"line":13,"column":15},"end":{"line":13,"column":34}},"loc":{"start":{"line":13,"column":36},"end":{"line":22,"column":1}}}},"branchMap":{},"s":{"0":1,"1":1,"2":1,"3":1,"4":1,"5":1},"f":{"0":1},"b":{}}
,"C:\\Curso de React\\Proyectos\\full stack paginas desarrolladas\\ventas_kevin\\server\\src\\controllers\\authController.ts": {"path":"C:\\Curso de React\\Proyectos\\full stack paginas desarrolladas\\ventas_kevin\\server\\src\\controllers\\authController.ts","statementMap":{"0":{"start":{"line":2,"column":0},"end":{"line":2,"column":39}},"1":{"start":{"line":3,"column":0},"end":{"line":3,"column":59}},"2":{"start":{"line":4,"column":0},"end":{"line":4,"column":46}},"3":{"start":{"line":5,"column":0},"end":{"line":5,"column":47}},"4":{"start":{"line":6,"column":0},"end":{"line":6,"column":42}},"5":{"start":{"line":10,"column":8},"end":{"line":42,"column":9}},"6":{"start":{"line":12,"column":40},"end":{"line":12,"column":48}},"7":{"start":{"line":15,"column":30},"end":{"line":15,"column":70}},"8":{"start":{"line":16,"column":12},"end":{"line":20,"column":13}},"9":{"start":{"line":17,"column":30},"end":{"line":17,"column":82}},"10":{"start":{"line":18,"column":16},"end":{"line":18,"column":null}},"11":{"start":{"line":19,"column":16},"end":{"line":19,"column":22}},"12":{"start":{"line":22,"column":12},"end":{"line":41,"column":13}},"13":{"start":{"line":23,"column":29},"end":{"line":23,"column":56}},"14":{"start":{"line":24,"column":16},"end":{"line":24,"column":null}},"15":{"start":{"line":25,"column":16},"end":{"line":25,"column":45}},"16":{"start":{"line":27,"column":16},"end":{"line":27,"column":null}},"17":{"start":{"line":30,"column":16},"end":{"line":34,"column":null}},"18":{"start":{"line":36,"column":16},"end":{"line":36,"column":null}},"19":{"start":{"line":39,"column":16},"end":{"line":39,"column":null}},"20":{"start":{"line":43,"column":28},"end":{"line":64,"column":5}},"21":{"start":{"line":44,"column":26},"end":{"line":44,"column":34}},"22":{"start":{"line":46,"column":21},"end":{"line":50,"column":10}},"23":{"start":{"line":52,"column":8},"end":{"line":56,"column":9}},"24":{"start":{"line":53,"column":26},"end":{"line":53,"column":53}},"25":{"start":{"line":54,"column":12},"end":{"line":54,"column":null}},"26":{"start":{"line":55,"column":12},"end":{"line":55,"column":18}},"27":{"start":{"line":58,"column":8},"end":{"line":58,"column":null}},"28":{"start":{"line":59,"column":8},"end":{"line":59,"column":null}},"29":{"start":{"line":60,"column":8},"end":{"line":60,"column":null}},"30":{"start":{"line":62,"column":8},"end":{"line":62,"column":null}},"31":{"start":{"line":65,"column":19},"end":{"line":92,"column":5}},"32":{"start":{"line":66,"column":36},"end":{"line":66,"column":44}},"33":{"start":{"line":68,"column":21},"end":{"line":68,"column":61}},"34":{"start":{"line":69,"column":8},"end":{"line":73,"column":9}},"35":{"start":{"line":70,"column":26},"end":{"line":70,"column":61}},"36":{"start":{"line":71,"column":12},"end":{"line":71,"column":null}},"37":{"start":{"line":72,"column":12},"end":{"line":72,"column":18}},"38":{"start":{"line":74,"column":8},"end":{"line":74,"column":36}},"39":{"start":{"line":76,"column":8},"end":{"line":80,"column":9}},"40":{"start":{"line":77,"column":26},"end":{"line":77,"column":69}},"41":{"start":{"line":78,"column":12},"end":{"line":78,"column":null}},"42":{"start":{"line":79,"column":12},"end":{"line":79,"column":18}},"43":{"start":{"line":82,"column":34},"end":{"line":82,"column":78}},"44":{"start":{"line":83,"column":8},"end":{"line":87,"column":9}},"45":{"start":{"line":84,"column":26},"end":{"line":84,"column":60}},"46":{"start":{"line":85,"column":12},"end":{"line":85,"column":null}},"47":{"start":{"line":86,"column":12},"end":{"line":86,"column":18}},"48":{"start":{"line":89,"column":22},"end":{"line":89,"column":42}},"49":{"start":{"line":91,"column":8},"end":{"line":91,"column":null}},"50":{"start":{"line":93,"column":28},"end":{"line":112,"column":5}},"51":{"start":{"line":94,"column":26},"end":{"line":94,"column":34}},"52":{"start":{"line":95,"column":21},"end":{"line":95,"column":61}},"53":{"start":{"line":97,"column":8},"end":{"line":101,"column":9}},"54":{"start":{"line":98,"column":26},"end":{"line":98,"column":62}},"55":{"start":{"line":99,"column":12},"end":{"line":99,"column":null}},"56":{"start":{"line":100,"column":12},"end":{"line":100,"column":18}},"57":{"start":{"line":103,"column":8},"end":{"line":103,"column":null}},"58":{"start":{"line":104,"column":8},"end":{"line":104,"column":null}},"59":{"start":{"line":105,"column":8},"end":{"line":109,"column":null}},"60":{"start":{"line":111,"column":8},"end":{"line":111,"column":null}},"61":{"start":{"line":114,"column":27},"end":{"line":123,"column":5}},"62":{"start":{"line":115,"column":26},"end":{"line":115,"column":34}},"63":{"start":{"line":116,"column":21},"end":{"line":116,"column":61}},"64":{"start":{"line":117,"column":8},"end":{"line":121,"column":9}},"65":{"start":{"line":118,"column":26},"end":{"line":118,"column":53}},"66":{"start":{"line":119,"column":12},"end":{"line":119,"column":null}},"67":{"start":{"line":120,"column":12},"end":{"line":120,"column":18}},"68":{"start":{"line":122,"column":8},"end":{"line":122,"column":null}},"69":{"start":{"line":124,"column":27},"end":{"line":140,"column":5}},"70":{"start":{"line":125,"column":26},"end":{"line":125,"column":36}},"71":{"start":{"line":126,"column":29},"end":{"line":126,"column":37}},"72":{"start":{"line":128,"column":21},"end":{"line":128,"column":61}},"73":{"start":{"line":129,"column":8},"end":{"line":133,"column":9}},"74":{"start":{"line":130,"column":26},"end":{"line":130,"column":53}},"75":{"start":{"line":131,"column":12},"end":{"line":131,"column":null}},"76":{"start":{"line":132,"column":12},"end":{"line":132,"column":18}},"77":{"start":{"line":135,"column":8},"end":{"line":135,"column":null}},"78":{"start":{"line":136,"column":8},"end":{"line":136,"column":null}},"79":{"start":{"line":137,"column":8},"end":{"line":137,"column":null}},"80":{"start":{"line":139,"column":8},"end":{"line":139,"column":null}},"81":{"start":{"line":142,"column":18},"end":{"line":144,"column":5}},"82":{"start":{"line":143,"column":8},"end":{"line":143,"column":null}},"83":{"start":{"line":146,"column":39},"end":{"line":162,"column":5}},"84":{"start":{"line":147,"column":47},"end":{"line":147,"column":55}},"85":{"start":{"line":148,"column":23},"end":{"line":148,"column":31}},"86":{"start":{"line":150,"column":21},"end":{"line":150,"column":44}},"87":{"start":{"line":151,"column":34},"end":{"line":151,"column":86}},"88":{"start":{"line":153,"column":8},"end":{"line":157,"column":9}},"89":{"start":{"line":154,"column":26},"end":{"line":154,"column":67}},"90":{"start":{"line":155,"column":12},"end":{"line":155,"column":null}},"91":{"start":{"line":156,"column":12},"end":{"line":156,"column":18}},"92":{"start":{"line":159,"column":8},"end":{"line":159,"column":null}},"93":{"start":{"line":160,"column":8},"end":{"line":160,"column":null}},"94":{"start":{"line":161,"column":8},"end":{"line":161,"column":null}},"95":{"start":{"line":164,"column":27},"end":{"line":179,"column":5}},"96":{"start":{"line":165,"column":29},"end":{"line":165,"column":37}},"97":{"start":{"line":166,"column":23},"end":{"line":166,"column":31}},"98":{"start":{"line":168,"column":21},"end":{"line":168,"column":44}},"99":{"start":{"line":169,"column":34},"end":{"line":169,"column":78}},"100":{"start":{"line":171,"column":8},"end":{"line":175,"column":9}},"101":{"start":{"line":172,"column":26},"end":{"line":172,"column":60}},"102":{"start":{"line":173,"column":12},"end":{"line":173,"column":null}},"103":{"start":{"line":174,"column":12},"end":{"line":174,"column":18}},"104":{"start":{"line":178,"column":8},"end":{"line":178,"column":null}},"105":{"start":{"line":8,"column":0},"end":{"line":8,"column":13}}},"fnMap":{"0":{"name":"(anonymous_1)","decl":{"start":{"line":10,"column":8},"end":{"line":10,"column":13}},"loc":{"start":{"line":10,"column":46},"end":{"line":42,"column":9}}},"1":{"name":"(anonymous_2)","decl":{"start":{"line":43,"column":28},"end":{"line":43,"column":33}},"loc":{"start":{"line":43,"column":66},"end":{"line":64,"column":5}}},"2":{"name":"(anonymous_3)","decl":{"start":{"line":65,"column":19},"end":{"line":65,"column":24}},"loc":{"start":{"line":65,"column":57},"end":{"line":92,"column":5}}},"3":{"name":"(anonymous_4)","decl":{"start":{"line":93,"column":28},"end":{"line":93,"column":33}},"loc":{"start":{"line":93,"column":66},"end":{"line":112,"column":5}}},"4":{"name":"(anonymous_5)","decl":{"start":{"line":114,"column":27},"end":{"line":114,"column":32}},"loc":{"start":{"line":114,"column":65},"end":{"line":123,"column":5}}},"5":{"name":"(anonymous_6)","decl":{"start":{"line":124,"column":27},"end":{"line":124,"column":32}},"loc":{"start":{"line":124,"column":65},"end":{"line":140,"column":5}}},"6":{"name":"(anonymous_7)","decl":{"start":{"line":142,"column":18},"end":{"line":142,"column":23}},"loc":{"start":{"line":142,"column":56},"end":{"line":144,"column":5}}},"7":{"name":"(anonymous_8)","decl":{"start":{"line":146,"column":39},"end":{"line":146,"column":44}},"loc":{"start":{"line":146,"column":77},"end":{"line":162,"column":5}}},"8":{"name":"(anonymous_9)","decl":{"start":{"line":164,"column":27},"end":{"line":164,"column":32}},"loc":{"start":{"line":164,"column":65},"end":{"line":179,"column":5}}}},"branchMap":{"0":{"loc":{"start":{"line":16,"column":12},"end":{"line":20,"column":13}},"type":"if","locations":[{"start":{"line":16,"column":12},"end":{"line":20,"column":13}}]},"1":{"loc":{"start":{"line":52,"column":8},"end":{"line":56,"column":9}},"type":"if","locations":[{"start":{"line":52,"column":8},"end":{"line":56,"column":9}}]},"2":{"loc":{"start":{"line":69,"column":8},"end":{"line":73,"column":9}},"type":"if","locations":[{"start":{"line":69,"column":8},"end":{"line":73,"column":9}}]},"3":{"loc":{"start":{"line":76,"column":8},"end":{"line":80,"column":9}},"type":"if","locations":[{"start":{"line":76,"column":8},"end":{"line":80,"column":9}}]},"4":{"loc":{"start":{"line":83,"column":8},"end":{"line":87,"column":9}},"type":"if","locations":[{"start":{"line":83,"column":8},"end":{"line":87,"column":9}}]},"5":{"loc":{"start":{"line":97,"column":8},"end":{"line":101,"column":9}},"type":"if","locations":[{"start":{"line":97,"column":8},"end":{"line":101,"column":9}}]},"6":{"loc":{"start":{"line":117,"column":8},"end":{"line":121,"column":9}},"type":"if","locations":[{"start":{"line":117,"column":8},"end":{"line":121,"column":9}}]},"7":{"loc":{"start":{"line":129,"column":8},"end":{"line":133,"column":9}},"type":"if","locations":[{"start":{"line":129,"column":8},"end":{"line":133,"column":9}}]},"8":{"loc":{"start":{"line":153,"column":8},"end":{"line":157,"column":9}},"type":"if","locations":[{"start":{"line":153,"column":8},"end":{"line":157,"column":9}}]},"9":{"loc":{"start":{"line":171,"column":8},"end":{"line":175,"column":9}},"type":"if","locations":[{"start":{"line":171,"column":8},"end":{"line":175,"column":9}}]}},"s":{"0":1,"1":1,"2":1,"3":1,"4":1,"5":1,"6":3,"7":3,"8":3,"9":1,"10":1,"11":1,"12":2,"13":2,"14":1,"15":1,"16":1,"17":1,"18":1,"19":1,"20":1,"21":0,"22":0,"23":0,"24":0,"25":0,"26":0,"27":0,"28":0,"29":0,"30":0,"31":1,"32":4,"33":4,"34":4,"35":1,"36":1,"37":1,"38":3,"39":3,"40":1,"41":1,"42":1,"43":2,"44":2,"45":1,"46":1,"47":1,"48":1,"49":1,"50":1,"51":0,"52":0,"53":0,"54":0,"55":0,"56":0,"57":0,"58":0,"59":0,"60":0,"61":1,"62":0,"63":0,"64":0,"65":0,"66":0,"67":0,"68":0,"69":1,"70":0,"71":0,"72":0,"73":0,"74":0,"75":0,"76":0,"77":0,"78":0,"79":0,"80":0,"81":1,"82":0,"83":1,"84":0,"85":0,"86":0,"87":0,"88":0,"89":0,"90":0,"91":0,"92":0,"93":0,"94":0,"95":1,"96":0,"97":0,"98":0,"99":0,"100":0,"101":0,"102":0,"103":0,"104":0,"105":1},"f":{"0":3,"1":0,"2":4,"3":0,"4":0,"5":0,"6":0,"7":0,"8":0},"b":{"0":[1],"1":[0],"2":[1],"3":[1],"4":[1],"5":[0],"6":[0],"7":[0],"8":[0],"9":[0]}}
,"C:\\Curso de React\\Proyectos\\full stack paginas desarrolladas\\ventas_kevin\\server\\src\\controllers\\productController.ts": {"path":"C:\\Curso de React\\Proyectos\\full stack paginas desarrolladas\\ventas_kevin\\server\\src\\controllers\\productController.ts","statementMap":{"0":{"start":{"line":2,"column":0},"end":{"line":2,"column":46}},"1":{"start":{"line":6,"column":20},"end":{"line":14,"column":5}},"2":{"start":{"line":7,"column":25},"end":{"line":12,"column":10}},"3":{"start":{"line":13,"column":8},"end":{"line":13,"column":null}},"4":{"start":{"line":16,"column":21},"end":{"line":18,"column":5}},"5":{"start":{"line":17,"column":8},"end":{"line":17,"column":null}},"6":{"start":{"line":21,"column":8},"end":{"line":31,"column":9}},"7":{"start":{"line":23,"column":12},"end":{"line":30,"column":13}},"8":{"start":{"line":25,"column":32},"end":{"line":25,"column":62}},"9":{"start":{"line":26,"column":16},"end":{"line":26,"column":null}},"10":{"start":{"line":29,"column":16},"end":{"line":29,"column":null}},"11":{"start":{"line":34,"column":8},"end":{"line":40,"column":9}},"12":{"start":{"line":37,"column":12},"end":{"line":37,"column":47}},"13":{"start":{"line":38,"column":12},"end":{"line":38,"column":null}},"14":{"start":{"line":43,"column":8},"end":{"line":50,"column":9}},"15":{"start":{"line":46,"column":12},"end":{"line":46,"column":null}},"16":{"start":{"line":47,"column":12},"end":{"line":47,"column":37}},"17":{"start":{"line":48,"column":12},"end":{"line":48,"column":null}},"18":{"start":{"line":54,"column":8},"end":{"line":58,"column":9}},"19":{"start":{"line":56,"column":12},"end":{"line":56,"column":null}},"20":{"start":{"line":57,"column":12},"end":{"line":57,"column":null}},"21":{"start":{"line":5,"column":0},"end":{"line":5,"column":13}}},"fnMap":{"0":{"name":"(anonymous_1)","decl":{"start":{"line":6,"column":20},"end":{"line":6,"column":25}},"loc":{"start":{"line":6,"column":58},"end":{"line":14,"column":5}}},"1":{"name":"(anonymous_2)","decl":{"start":{"line":16,"column":21},"end":{"line":16,"column":26}},"loc":{"start":{"line":16,"column":59},"end":{"line":18,"column":5}}},"2":{"name":"(anonymous_3)","decl":{"start":{"line":21,"column":8},"end":{"line":21,"column":13}},"loc":{"start":{"line":21,"column":61},"end":{"line":31,"column":9}}},"3":{"name":"(anonymous_4)","decl":{"start":{"line":34,"column":8},"end":{"line":34,"column":13}},"loc":{"start":{"line":34,"column":46},"end":{"line":40,"column":9}}},"4":{"name":"(anonymous_5)","decl":{"start":{"line":43,"column":8},"end":{"line":43,"column":13}},"loc":{"start":{"line":43,"column":46},"end":{"line":50,"column":9}}},"5":{"name":"(anonymous_6)","decl":{"start":{"line":54,"column":8},"end":{"line":54,"column":13}},"loc":{"start":{"line":54,"column":46},"end":{"line":58,"column":9}}}},"branchMap":{},"s":{"0":1,"1":1,"2":1,"3":1,"4":1,"5":1,"6":1,"7":2,"8":2,"9":1,"10":1,"11":1,"12":1,"13":1,"14":1,"15":1,"16":1,"17":1,"18":1,"19":1,"20":1,"21":1},"f":{"0":1,"1":1,"2":2,"3":1,"4":1,"5":1},"b":{}}
,"C:\\Curso de React\\Proyectos\\full stack paginas desarrolladas\\ventas_kevin\\server\\src\\controllers\\saleController.ts": {"path":"C:\\Curso de React\\Proyectos\\full stack paginas desarrolladas\\ventas_kevin\\server\\src\\controllers\\saleController.ts","statementMap":{"0":{"start":{"line":3,"column":0},"end":{"line":3,"column":40}},"1":{"start":{"line":5,"column":0},"end":{"line":5,"column":54}},"2":{"start":{"line":10,"column":20},"end":{"line":30,"column":5}},"3":{"start":{"line":13,"column":8},"end":{"line":27,"column":9}},"4":{"start":{"line":15,"column":26},"end":{"line":23,"column":14}},"5":{"start":{"line":24,"column":12},"end":{"line":24,"column":null}},"6":{"start":{"line":26,"column":12},"end":{"line":26,"column":null}},"7":{"start":{"line":32,"column":21},"end":{"line":40,"column":5}},"8":{"start":{"line":34,"column":21},"end":{"line":36,"column":null}},"9":{"start":{"line":39,"column":8},"end":{"line":39,"column":null}},"10":{"start":{"line":43,"column":8},"end":{"line":56,"column":9}},"11":{"start":{"line":46,"column":12},"end":{"line":55,"column":13}},"12":{"start":{"line":47,"column":29},"end":{"line":47,"column":56}},"13":{"start":{"line":48,"column":16},"end":{"line":48,"column":null}},"14":{"start":{"line":49,"column":16},"end":{"line":49,"column":null}},"15":{"start":{"line":50,"column":16},"end":{"line":50,"column":null}},"16":{"start":{"line":54,"column":16},"end":{"line":54,"column":null}},"17":{"start":{"line":60,"column":8},"end":{"line":66,"column":9}},"18":{"start":{"line":63,"column":12},"end":{"line":63,"column":44}},"19":{"start":{"line":64,"column":12},"end":{"line":64,"column":null}},"20":{"start":{"line":70,"column":8},"end":{"line":74,"column":9}},"21":{"start":{"line":72,"column":12},"end":{"line":72,"column":null}},"22":{"start":{"line":73,"column":12},"end":{"line":73,"column":null}},"23":{"start":{"line":9,"column":0},"end":{"line":9,"column":13}}},"fnMap":{"0":{"name":"(anonymous_1)","decl":{"start":{"line":10,"column":20},"end":{"line":10,"column":25}},"loc":{"start":{"line":10,"column":58},"end":{"line":30,"column":5}}},"1":{"name":"(anonymous_2)","decl":{"start":{"line":32,"column":21},"end":{"line":32,"column":26}},"loc":{"start":{"line":32,"column":59},"end":{"line":40,"column":5}}},"2":{"name":"(anonymous_3)","decl":{"start":{"line":43,"column":8},"end":{"line":43,"column":13}},"loc":{"start":{"line":43,"column":61},"end":{"line":56,"column":9}}},"3":{"name":"(anonymous_4)","decl":{"start":{"line":60,"column":8},"end":{"line":60,"column":13}},"loc":{"start":{"line":60,"column":46},"end":{"line":66,"column":9}}},"4":{"name":"(anonymous_5)","decl":{"start":{"line":70,"column":8},"end":{"line":70,"column":13}},"loc":{"start":{"line":70,"column":46},"end":{"line":74,"column":9}}}},"branchMap":{},"s":{"0":1,"1":1,"2":1,"3":4,"4":4,"5":3,"6":1,"7":1,"8":3,"9":3,"10":1,"11":2,"12":2,"13":1,"14":1,"15":1,"16":1,"17":1,"18":1,"19":1,"20":1,"21":1,"22":1,"23":1},"f":{"0":4,"1":3,"2":2,"3":1,"4":1},"b":{}}
,"C:\\Curso de React\\Proyectos\\full stack paginas desarrolladas\\ventas_kevin\\server\\src\\controllers\\saleProductController.ts": {"path":"C:\\Curso de React\\Proyectos\\full stack paginas desarrolladas\\ventas_kevin\\server\\src\\controllers\\saleProductController.ts","statementMap":{"0":{"start":{"line":5,"column":0},"end":{"line":5,"column":54}},"1":{"start":{"line":6,"column":0},"end":{"line":6,"column":46}},"2":{"start":{"line":10,"column":20},"end":{"line":38,"column":5}},"3":{"start":{"line":12,"column":23},"end":{"line":12,"column":40}},"4":{"start":{"line":14,"column":30},"end":{"line":32,"column":10}},"5":{"start":{"line":34,"column":8},"end":{"line":36,"column":null}},"6":{"start":{"line":40,"column":21},"end":{"line":44,"column":5}},"7":{"start":{"line":42,"column":4},"end":{"line":42,"column":null}},"8":{"start":{"line":47,"column":8},"end":{"line":67,"column":9}},"9":{"start":{"line":49,"column":12},"end":{"line":65,"column":13}},"10":{"start":{"line":51,"column":36},"end":{"line":51,"column":70}},"11":{"start":{"line":52,"column":32},"end":{"line":52,"column":43}},"12":{"start":{"line":54,"column":16},"end":{"line":54,"column":49}},"13":{"start":{"line":55,"column":16},"end":{"line":55,"column":53}},"14":{"start":{"line":56,"column":16},"end":{"line":56,"column":null}},"15":{"start":{"line":59,"column":16},"end":{"line":59,"column":41}},"16":{"start":{"line":60,"column":16},"end":{"line":60,"column":null}},"17":{"start":{"line":64,"column":16},"end":{"line":64,"column":null}},"18":{"start":{"line":71,"column":8},"end":{"line":77,"column":9}},"19":{"start":{"line":74,"column":12},"end":{"line":74,"column":51}},"20":{"start":{"line":75,"column":12},"end":{"line":75,"column":null}},"21":{"start":{"line":81,"column":8},"end":{"line":85,"column":9}},"22":{"start":{"line":83,"column":12},"end":{"line":83,"column":null}},"23":{"start":{"line":84,"column":12},"end":{"line":84,"column":null}},"24":{"start":{"line":9,"column":0},"end":{"line":9,"column":13}}},"fnMap":{"0":{"name":"(anonymous_1)","decl":{"start":{"line":10,"column":20},"end":{"line":10,"column":25}},"loc":{"start":{"line":10,"column":58},"end":{"line":38,"column":5}}},"1":{"name":"(anonymous_2)","decl":{"start":{"line":40,"column":21},"end":{"line":40,"column":26}},"loc":{"start":{"line":40,"column":59},"end":{"line":44,"column":5}}},"2":{"name":"(anonymous_3)","decl":{"start":{"line":47,"column":8},"end":{"line":47,"column":13}},"loc":{"start":{"line":47,"column":61},"end":{"line":67,"column":9}}},"3":{"name":"(anonymous_4)","decl":{"start":{"line":71,"column":8},"end":{"line":71,"column":13}},"loc":{"start":{"line":71,"column":46},"end":{"line":77,"column":9}}},"4":{"name":"(anonymous_5)","decl":{"start":{"line":81,"column":8},"end":{"line":81,"column":13}},"loc":{"start":{"line":81,"column":46},"end":{"line":85,"column":9}}}},"branchMap":{},"s":{"0":1,"1":1,"2":1,"3":1,"4":1,"5":1,"6":1,"7":1,"8":1,"9":2,"10":2,"11":2,"12":2,"13":2,"14":2,"15":2,"16":1,"17":1,"18":1,"19":1,"20":1,"21":1,"22":1,"23":1,"24":1},"f":{"0":1,"1":1,"2":2,"3":1,"4":1},"b":{}}
,"C:\\Curso de React\\Proyectos\\full stack paginas desarrolladas\\ventas_kevin\\server\\src\\emails\\AuthEmail.ts": {"path":"C:\\Curso de React\\Proyectos\\full stack paginas desarrolladas\\ventas_kevin\\server\\src\\emails\\AuthEmail.ts","statementMap":{"0":{"start":{"line":1,"column":0},"end":{"line":1,"column":48}},"1":{"start":{"line":10,"column":35},"end":{"line":28,"column":5}},"2":{"start":{"line":12,"column":22},"end":{"line":27,"column":10}},"3":{"start":{"line":23,"column":12},"end":{"line":25,"column":13}},"4":{"start":{"line":24,"column":16},"end":{"line":24,"column":71}},"5":{"start":{"line":26,"column":12},"end":{"line":26,"column":60}},"6":{"start":{"line":29,"column":29},"end":{"line":48,"column":5}},"7":{"start":{"line":31,"column":22},"end":{"line":46,"column":10}},"8":{"start":{"line":42,"column":12},"end":{"line":44,"column":13}},"9":{"start":{"line":43,"column":16},"end":{"line":43,"column":71}},"10":{"start":{"line":45,"column":12},"end":{"line":45,"column":60}},"11":{"start":{"line":9,"column":0},"end":{"line":9,"column":13}}},"fnMap":{"0":{"name":"(anonymous_0)","decl":{"start":{"line":10,"column":35},"end":{"line":10,"column":40}},"loc":{"start":{"line":10,"column":61},"end":{"line":28,"column":5}}},"1":{"name":"(anonymous_1)","decl":{"start":{"line":22,"column":11},"end":{"line":22,"column":12}},"loc":{"start":{"line":22,"column":27},"end":{"line":27,"column":9}}},"2":{"name":"(anonymous_2)","decl":{"start":{"line":29,"column":29},"end":{"line":29,"column":34}},"loc":{"start":{"line":29,"column":55},"end":{"line":48,"column":5}}},"3":{"name":"(anonymous_3)","decl":{"start":{"line":41,"column":11},"end":{"line":41,"column":12}},"loc":{"start":{"line":41,"column":27},"end":{"line":46,"column":9}}}},"branchMap":{"0":{"loc":{"start":{"line":23,"column":12},"end":{"line":25,"column":13}},"type":"if","locations":[{"start":{"line":23,"column":12},"end":{"line":25,"column":13}}]},"1":{"loc":{"start":{"line":42,"column":12},"end":{"line":44,"column":13}},"type":"if","locations":[{"start":{"line":42,"column":12},"end":{"line":44,"column":13}}]}},"s":{"0":1,"1":1,"2":0,"3":0,"4":0,"5":0,"6":1,"7":0,"8":0,"9":0,"10":0,"11":1},"f":{"0":0,"1":0,"2":0,"3":0},"b":{"0":[0],"1":[0]}}
,"C:\\Curso de React\\Proyectos\\full stack paginas desarrolladas\\ventas_kevin\\server\\src\\middlewares\\validateProduct.ts": {"path":"C:\\Curso de React\\Proyectos\\full stack paginas desarrolladas\\ventas_kevin\\server\\src\\middlewares\\validateProduct.ts","statementMap":{"0":{"start":{"line":2,"column":0},"end":{"line":2,"column":65}},"1":{"start":{"line":4,"column":0},"end":{"line":4,"column":45}},"2":{"start":{"line":16,"column":4},"end":{"line":30,"column":5}},"3":{"start":{"line":18,"column":8},"end":{"line":21,"column":49}},"4":{"start":{"line":20,"column":29},"end":{"line":20,"column":38}},"5":{"start":{"line":23,"column":21},"end":{"line":23,"column":42}},"6":{"start":{"line":24,"column":8},"end":{"line":27,"column":9}},"7":{"start":{"line":25,"column":12},"end":{"line":25,"column":null}},"8":{"start":{"line":26,"column":12},"end":{"line":26,"column":18}},"9":{"start":{"line":29,"column":8},"end":{"line":29,"column":null}},"10":{"start":{"line":15,"column":13},"end":{"line":15,"column":null}},"11":{"start":{"line":33,"column":4},"end":{"line":48,"column":5}},"12":{"start":{"line":35,"column":8},"end":{"line":37,"column":null}},"13":{"start":{"line":39,"column":8},"end":{"line":43,"column":null}},"14":{"start":{"line":42,"column":29},"end":{"line":42,"column":38}},"15":{"start":{"line":45,"column":8},"end":{"line":45,"column":null}},"16":{"start":{"line":32,"column":13},"end":{"line":32,"column":null}},"17":{"start":{"line":50,"column":37},"end":{"line":69,"column":1}},"18":{"start":{"line":51,"column":4},"end":{"line":68,"column":5}},"19":{"start":{"line":53,"column":30},"end":{"line":53,"column":74}},"20":{"start":{"line":54,"column":24},"end":{"line":54,"column":57}},"21":{"start":{"line":56,"column":8},"end":{"line":61,"column":9}},"22":{"start":{"line":57,"column":12},"end":{"line":59,"column":null}},"23":{"start":{"line":60,"column":12},"end":{"line":60,"column":18}},"24":{"start":{"line":63,"column":8},"end":{"line":63,"column":null}},"25":{"start":{"line":64,"column":8},"end":{"line":64,"column":null}},"26":{"start":{"line":67,"column":8},"end":{"line":67,"column":27}},"27":{"start":{"line":50,"column":13},"end":{"line":50,"column":37}}},"fnMap":{"0":{"name":"(anonymous_1)","decl":{"start":{"line":16,"column":4},"end":{"line":16,"column":9}},"loc":{"start":{"line":16,"column":62},"end":{"line":30,"column":5}}},"1":{"name":"(anonymous_2)","decl":{"start":{"line":20,"column":20},"end":{"line":20,"column":25}},"loc":{"start":{"line":20,"column":29},"end":{"line":20,"column":38}}},"2":{"name":"(anonymous_3)","decl":{"start":{"line":33,"column":4},"end":{"line":33,"column":9}},"loc":{"start":{"line":33,"column":62},"end":{"line":48,"column":5}}},"3":{"name":"(anonymous_4)","decl":{"start":{"line":42,"column":20},"end":{"line":42,"column":25}},"loc":{"start":{"line":42,"column":29},"end":{"line":42,"column":38}}},"4":{"name":"(anonymous_5)","decl":{"start":{"line":50,"column":37},"end":{"line":50,"column":42}},"loc":{"start":{"line":50,"column":95},"end":{"line":69,"column":1}}}},"branchMap":{"0":{"loc":{"start":{"line":24,"column":8},"end":{"line":27,"column":9}},"type":"if","locations":[{"start":{"line":24,"column":8},"end":{"line":27,"column":9}}]},"1":{"loc":{"start":{"line":53,"column":30},"end":{"line":53,"column":74}},"type":"cond-expr","locations":[{"start":{"line":53,"column":53},"end":{"line":53,"column":63}},{"start":{"line":53,"column":66},"end":{"line":53,"column":74}}]},"2":{"loc":{"start":{"line":56,"column":8},"end":{"line":61,"column":9}},"type":"if","locations":[{"start":{"line":56,"column":8},"end":{"line":61,"column":9}}]}},"s":{"0":1,"1":1,"2":1,"3":0,"4":0,"5":0,"6":0,"7":0,"8":0,"9":0,"10":1,"11":1,"12":0,"13":0,"14":0,"15":0,"16":1,"17":1,"18":2,"19":2,"20":2,"21":2,"22":1,"23":1,"24":1,"25":1,"26":0,"27":1},"f":{"0":0,"1":0,"2":0,"3":0,"4":2},"b":{"0":[0],"1":[2,0],"2":[1]}}
,"C:\\Curso de React\\Proyectos\\full stack paginas desarrolladas\\ventas_kevin\\server\\src\\middlewares\\validateSale.ts": {"path":"C:\\Curso de React\\Proyectos\\full stack paginas desarrolladas\\ventas_kevin\\server\\src\\middlewares\\validateSale.ts","statementMap":{"0":{"start":{"line":72,"column":0},"end":{"line":72,"column":16}},"1":{"start":{"line":2,"column":0},"end":{"line":2,"column":65}},"2":{"start":{"line":3,"column":0},"end":{"line":3,"column":39}},"3":{"start":{"line":16,"column":4},"end":{"line":29,"column":5}},"4":{"start":{"line":18,"column":8},"end":{"line":23,"column":null}},"5":{"start":{"line":26,"column":8},"end":{"line":26,"column":null}},"6":{"start":{"line":15,"column":13},"end":{"line":15,"column":null}},"7":{"start":{"line":32,"column":4},"end":{"line":47,"column":5}},"8":{"start":{"line":33,"column":8},"end":{"line":36,"column":null}},"9":{"start":{"line":35,"column":29},"end":{"line":35,"column":38}},"10":{"start":{"line":38,"column":21},"end":{"line":38,"column":42}},"11":{"start":{"line":39,"column":8},"end":{"line":44,"column":9}},"12":{"start":{"line":40,"column":12},"end":{"line":43,"column":null}},"13":{"start":{"line":46,"column":8},"end":{"line":46,"column":null}},"14":{"start":{"line":31,"column":13},"end":{"line":31,"column":null}},"15":{"start":{"line":51,"column":4},"end":{"line":71,"column":5}},"16":{"start":{"line":52,"column":8},"end":{"line":69,"column":9}},"17":{"start":{"line":54,"column":31},"end":{"line":54,"column":41}},"18":{"start":{"line":55,"column":25},"end":{"line":55,"column":52}},"19":{"start":{"line":57,"column":12},"end":{"line":62,"column":13}},"20":{"start":{"line":58,"column":16},"end":{"line":60,"column":null}},"21":{"start":{"line":61,"column":16},"end":{"line":61,"column":22}},"22":{"start":{"line":64,"column":12},"end":{"line":64,"column":null}},"23":{"start":{"line":65,"column":12},"end":{"line":65,"column":null}},"24":{"start":{"line":68,"column":12},"end":{"line":68,"column":null}},"25":{"start":{"line":50,"column":13},"end":{"line":50,"column":null}},"26":{"start":{"line":73,"column":4},"end":{"line":76,"column":5}},"27":{"start":{"line":74,"column":8},"end":{"line":74,"column":null}},"28":{"start":{"line":75,"column":8},"end":{"line":75,"column":14}},"29":{"start":{"line":77,"column":4},"end":{"line":77,"column":null}}},"fnMap":{"0":{"name":"(anonymous_1)","decl":{"start":{"line":16,"column":4},"end":{"line":16,"column":9}},"loc":{"start":{"line":16,"column":62},"end":{"line":29,"column":5}}},"1":{"name":"(anonymous_2)","decl":{"start":{"line":32,"column":4},"end":{"line":32,"column":9}},"loc":{"start":{"line":32,"column":62},"end":{"line":47,"column":5}}},"2":{"name":"(anonymous_3)","decl":{"start":{"line":35,"column":20},"end":{"line":35,"column":25}},"loc":{"start":{"line":35,"column":29},"end":{"line":35,"column":38}}},"3":{"name":"(anonymous_4)","decl":{"start":{"line":51,"column":4},"end":{"line":51,"column":9}},"loc":{"start":{"line":51,"column":62},"end":{"line":71,"column":5}}},"4":{"name":"hasAccess","decl":{"start":{"line":72,"column":16},"end":{"line":72,"column":25}},"loc":{"start":{"line":72,"column":73},"end":{"line":78,"column":1}}}},"branchMap":{"0":{"loc":{"start":{"line":39,"column":8},"end":{"line":44,"column":9}},"type":"if","locations":[{"start":{"line":39,"column":8},"end":{"line":44,"column":9}}]},"1":{"loc":{"start":{"line":57,"column":12},"end":{"line":62,"column":13}},"type":"if","locations":[{"start":{"line":57,"column":12},"end":{"line":62,"column":13}}]},"2":{"loc":{"start":{"line":73,"column":4},"end":{"line":76,"column":5}},"type":"if","locations":[{"start":{"line":73,"column":4},"end":{"line":76,"column":5}}]}},"s":{"0":3,"1":3,"2":3,"3":3,"4":0,"5":0,"6":3,"7":3,"8":0,"9":0,"10":0,"11":0,"12":0,"13":0,"14":3,"15":3,"16":4,"17":4,"18":4,"19":2,"20":1,"21":1,"22":1,"23":1,"24":2,"25":3,"26":4,"27":2,"28":2,"29":2},"f":{"0":0,"1":0,"2":0,"3":4,"4":4},"b":{"0":[0],"1":[1],"2":[2]}}
,"C:\\Curso de React\\Proyectos\\full stack paginas desarrolladas\\ventas_kevin\\server\\src\\middlewares\\validateSaleProduct.ts": {"path":"C:\\Curso de React\\Proyectos\\full stack paginas desarrolladas\\ventas_kevin\\server\\src\\middlewares\\validateSaleProduct.ts","statementMap":{"0":{"start":{"line":2,"column":0},"end":{"line":2,"column":65}},"1":{"start":{"line":6,"column":0},"end":{"line":6,"column":53}},"2":{"start":{"line":7,"column":0},"end":{"line":7,"column":45}},"3":{"start":{"line":19,"column":4},"end":{"line":32,"column":5}},"4":{"start":{"line":21,"column":8},"end":{"line":23,"column":null}},"5":{"start":{"line":24,"column":8},"end":{"line":28,"column":null}},"6":{"start":{"line":27,"column":29},"end":{"line":27,"column":53}},"7":{"start":{"line":30,"column":8},"end":{"line":30,"column":null}},"8":{"start":{"line":18,"column":13},"end":{"line":18,"column":null}},"9":{"start":{"line":35,"column":4},"end":{"line":50,"column":5}},"10":{"start":{"line":36,"column":8},"end":{"line":39,"column":null}},"11":{"start":{"line":38,"column":29},"end":{"line":38,"column":38}},"12":{"start":{"line":41,"column":21},"end":{"line":41,"column":42}},"13":{"start":{"line":42,"column":8},"end":{"line":47,"column":9}},"14":{"start":{"line":43,"column":12},"end":{"line":46,"column":null}},"15":{"start":{"line":49,"column":8},"end":{"line":49,"column":null}},"16":{"start":{"line":34,"column":13},"end":{"line":34,"column":null}},"17":{"start":{"line":54,"column":4},"end":{"line":75,"column":5}},"18":{"start":{"line":55,"column":8},"end":{"line":73,"column":9}},"19":{"start":{"line":57,"column":38},"end":{"line":57,"column":48}},"20":{"start":{"line":58,"column":32},"end":{"line":60,"column":14}},"21":{"start":{"line":61,"column":12},"end":{"line":66,"column":13}},"22":{"start":{"line":62,"column":16},"end":{"line":64,"column":null}},"23":{"start":{"line":65,"column":16},"end":{"line":65,"column":22}},"24":{"start":{"line":68,"column":12},"end":{"line":68,"column":null}},"25":{"start":{"line":69,"column":12},"end":{"line":69,"column":null}},"26":{"start":{"line":72,"column":12},"end":{"line":72,"column":null}},"27":{"start":{"line":53,"column":13},"end":{"line":53,"column":null}},"28":{"start":{"line":77,"column":4},"end":{"line":105,"column":5}},"29":{"start":{"line":78,"column":8},"end":{"line":103,"column":9}},"30":{"start":{"line":80,"column":46},"end":{"line":80,"column":56}},"31":{"start":{"line":81,"column":32},"end":{"line":87,"column":null}},"32":{"start":{"line":90,"column":12},"end":{"line":95,"column":13}},"33":{"start":{"line":91,"column":16},"end":{"line":93,"column":null}},"34":{"start":{"line":94,"column":16},"end":{"line":94,"column":22}},"35":{"start":{"line":97,"column":12},"end":{"line":97,"column":null}},"36":{"start":{"line":99,"column":12},"end":{"line":99,"column":null}},"37":{"start":{"line":102,"column":11},"end":{"line":102,"column":null}},"38":{"start":{"line":76,"column":13},"end":{"line":76,"column":null}}},"fnMap":{"0":{"name":"(anonymous_1)","decl":{"start":{"line":19,"column":4},"end":{"line":19,"column":9}},"loc":{"start":{"line":19,"column":62},"end":{"line":32,"column":5}}},"1":{"name":"(anonymous_2)","decl":{"start":{"line":27,"column":20},"end":{"line":27,"column":25}},"loc":{"start":{"line":27,"column":29},"end":{"line":27,"column":53}}},"2":{"name":"(anonymous_3)","decl":{"start":{"line":35,"column":4},"end":{"line":35,"column":9}},"loc":{"start":{"line":35,"column":62},"end":{"line":50,"column":5}}},"3":{"name":"(anonymous_4)","decl":{"start":{"line":38,"column":20},"end":{"line":38,"column":25}},"loc":{"start":{"line":38,"column":29},"end":{"line":38,"column":38}}},"4":{"name":"(anonymous_5)","decl":{"start":{"line":54,"column":4},"end":{"line":54,"column":9}},"loc":{"start":{"line":54,"column":62},"end":{"line":75,"column":5}}},"5":{"name":"(anonymous_6)","decl":{"start":{"line":77,"column":4},"end":{"line":77,"column":9}},"loc":{"start":{"line":77,"column":62},"end":{"line":105,"column":5}}}},"branchMap":{"0":{"loc":{"start":{"line":27,"column":29},"end":{"line":27,"column":53}},"type":"binary-expr","locations":[{"start":{"line":27,"column":29},"end":{"line":27,"column":38}},{"start":{"line":27,"column":42},"end":{"line":27,"column":53}}]},"1":{"loc":{"start":{"line":42,"column":8},"end":{"line":47,"column":9}},"type":"if","locations":[{"start":{"line":42,"column":8},"end":{"line":47,"column":9}}]},"2":{"loc":{"start":{"line":61,"column":12},"end":{"line":66,"column":13}},"type":"if","locations":[{"start":{"line":61,"column":12},"end":{"line":66,"column":13}}]},"3":{"loc":{"start":{"line":90,"column":12},"end":{"line":95,"column":13}},"type":"if","locations":[{"start":{"line":90,"column":12},"end":{"line":95,"column":13}}]}},"s":{"0":1,"1":1,"2":1,"3":1,"4":0,"5":0,"6":0,"7":0,"8":1,"9":1,"10":0,"11":0,"12":0,"13":0,"14":0,"15":0,"16":1,"17":1,"18":3,"19":3,"20":3,"21":2,"22":1,"23":1,"24":1,"25":1,"26":1,"27":1,"28":1,"29":3,"30":3,"31":3,"32":2,"33":1,"34":1,"35":1,"36":1,"37":1,"38":1},"f":{"0":0,"1":0,"2":0,"3":0,"4":3,"5":3},"b":{"0":[0,0],"1":[0],"2":[1],"3":[1]}}
,"C:\\Curso de React\\Proyectos\\full stack paginas desarrolladas\\ventas_kevin\\server\\src\\models\\Product.model.ts": {"path":"C:\\Curso de React\\Proyectos\\full stack paginas desarrolladas\\ventas_kevin\\server\\src\\models\\Product.model.ts","statementMap":{"0":{"start":{"line":2,"column":0},"end":{"line":2,"column":99}},"1":{"start":{"line":3,"column":0},"end":{"line":3,"column":46}},"2":{"start":{"line":11,"column":0},"end":{"line":45,"column":null}},"3":{"start":{"line":17,"column":12},"end":{"line":17,"column":null}},"4":{"start":{"line":22,"column":12},"end":{"line":22,"column":null}},"5":{"start":{"line":30,"column":12},"end":{"line":30,"column":null}},"6":{"start":{"line":43,"column":12},"end":{"line":43,"column":null}},"7":{"start":{"line":38,"column":19},"end":{"line":38,"column":30}},"8":{"start":{"line":11,"column":6},"end":{"line":45,"column":null}},"9":{"start":{"line":46,"column":0},"end":{"line":46,"column":null}}},"fnMap":{"0":{"name":"(anonymous_3)","decl":{"start":{"line":38,"column":13},"end":{"line":38,"column":16}},"loc":{"start":{"line":38,"column":19},"end":{"line":38,"column":30}}}},"branchMap":{},"s":{"0":4,"1":4,"2":4,"3":4,"4":4,"5":4,"6":4,"7":0,"8":4,"9":4},"f":{"0":0},"b":{}}
,"C:\\Curso de React\\Proyectos\\full stack paginas desarrolladas\\ventas_kevin\\server\\src\\models\\Sale.model.ts": {"path":"C:\\Curso de React\\Proyectos\\full stack paginas desarrolladas\\ventas_kevin\\server\\src\\models\\Sale.model.ts","statementMap":{"0":{"start":{"line":2,"column":0},"end":{"line":2,"column":113}},"1":{"start":{"line":4,"column":0},"end":{"line":4,"column":46}},"2":{"start":{"line":5,"column":0},"end":{"line":5,"column":32}},"3":{"start":{"line":12,"column":0},"end":{"line":34,"column":null}},"4":{"start":{"line":18,"column":12},"end":{"line":18,"column":null}},"5":{"start":{"line":22,"column":12},"end":{"line":22,"column":null}},"6":{"start":{"line":20,"column":22},"end":{"line":20,"column":26}},"7":{"start":{"line":26,"column":12},"end":{"line":26,"column":null}},"8":{"start":{"line":25,"column":21},"end":{"line":25,"column":25}},"9":{"start":{"line":32,"column":12},"end":{"line":32,"column":null}},"10":{"start":{"line":28,"column":19},"end":{"line":28,"column":30}},"11":{"start":{"line":12,"column":6},"end":{"line":34,"column":null}},"12":{"start":{"line":39,"column":0},"end":{"line":39,"column":null}}},"fnMap":{"0":{"name":"(anonymous_3)","decl":{"start":{"line":20,"column":16},"end":{"line":20,"column":19}},"loc":{"start":{"line":20,"column":22},"end":{"line":20,"column":26}}},"1":{"name":"(anonymous_4)","decl":{"start":{"line":25,"column":15},"end":{"line":25,"column":18}},"loc":{"start":{"line":25,"column":21},"end":{"line":25,"column":25}}},"2":{"name":"(anonymous_5)","decl":{"start":{"line":28,"column":13},"end":{"line":28,"column":16}},"loc":{"start":{"line":28,"column":19},"end":{"line":28,"column":30}}}},"branchMap":{},"s":{"0":3,"1":3,"2":3,"3":3,"4":3,"5":3,"6":0,"7":3,"8":0,"9":3,"10":0,"11":3,"12":3},"f":{"0":0,"1":0,"2":0},"b":{}}
,"C:\\Curso de React\\Proyectos\\full stack paginas desarrolladas\\ventas_kevin\\server\\src\\models\\SaleProduct.model.ts": {"path":"C:\\Curso de React\\Proyectos\\full stack paginas desarrolladas\\ventas_kevin\\server\\src\\models\\SaleProduct.model.ts","statementMap":{"0":{"start":{"line":2,"column":0},"end":{"line":2,"column":93}},"1":{"start":{"line":3,"column":0},"end":{"line":3,"column":32}},"2":{"start":{"line":4,"column":0},"end":{"line":4,"column":38}},"3":{"start":{"line":10,"column":0},"end":{"line":41,"column":null}},"4":{"start":{"line":15,"column":12},"end":{"line":15,"column":null}},"5":{"start":{"line":20,"column":12},"end":{"line":20,"column":null}},"6":{"start":{"line":25,"column":12},"end":{"line":25,"column":null}},"7":{"start":{"line":29,"column":12},"end":{"line":29,"column":null}},"8":{"start":{"line":27,"column":22},"end":{"line":27,"column":26}},"9":{"start":{"line":32,"column":12},"end":{"line":32,"column":null}},"10":{"start":{"line":31,"column":21},"end":{"line":31,"column":25}},"11":{"start":{"line":36,"column":12},"end":{"line":36,"column":null}},"12":{"start":{"line":34,"column":22},"end":{"line":34,"column":29}},"13":{"start":{"line":39,"column":12},"end":{"line":39,"column":null}},"14":{"start":{"line":38,"column":21},"end":{"line":38,"column":28}},"15":{"start":{"line":10,"column":6},"end":{"line":41,"column":null}},"16":{"start":{"line":45,"column":0},"end":{"line":45,"column":null}}},"fnMap":{"0":{"name":"(anonymous_3)","decl":{"start":{"line":27,"column":16},"end":{"line":27,"column":19}},"loc":{"start":{"line":27,"column":22},"end":{"line":27,"column":26}}},"1":{"name":"(anonymous_4)","decl":{"start":{"line":31,"column":15},"end":{"line":31,"column":18}},"loc":{"start":{"line":31,"column":21},"end":{"line":31,"column":25}}},"2":{"name":"(anonymous_5)","decl":{"start":{"line":34,"column":16},"end":{"line":34,"column":19}},"loc":{"start":{"line":34,"column":22},"end":{"line":34,"column":29}}},"3":{"name":"(anonymous_6)","decl":{"start":{"line":38,"column":15},"end":{"line":38,"column":18}},"loc":{"start":{"line":38,"column":21},"end":{"line":38,"column":28}}}},"branchMap":{},"s":{"0":3,"1":3,"2":3,"3":3,"4":3,"5":3,"6":3,"7":3,"8":0,"9":3,"10":0,"11":3,"12":0,"13":3,"14":0,"15":3,"16":3},"f":{"0":0,"1":0,"2":0,"3":0},"b":{}}
,"C:\\Curso de React\\Proyectos\\full stack paginas desarrolladas\\ventas_kevin\\server\\src\\models\\User.model.ts": {"path":"C:\\Curso de React\\Proyectos\\full stack paginas desarrolladas\\ventas_kevin\\server\\src\\models\\User.model.ts","statementMap":{"0":{"start":{"line":2,"column":0},"end":{"line":2,"column":106}},"1":{"start":{"line":3,"column":0},"end":{"line":3,"column":31}},"2":{"start":{"line":9,"column":0},"end":{"line":53,"column":null}},"3":{"start":{"line":16,"column":12},"end":{"line":16,"column":null}},"4":{"start":{"line":23,"column":12},"end":{"line":23,"column":null}},"5":{"start":{"line":32,"column":12},"end":{"line":32,"column":null}},"6":{"start":{"line":38,"column":12},"end":{"line":38,"column":null}},"7":{"start":{"line":44,"column":12},"end":{"line":44,"column":null}},"8":{"start":{"line":51,"column":12},"end":{"line":51,"column":null}},"9":{"start":{"line":47,"column":19},"end":{"line":47,"column":23}},"10":{"start":{"line":9,"column":6},"end":{"line":53,"column":null}},"11":{"start":{"line":56,"column":0},"end":{"line":56,"column":null}}},"fnMap":{"0":{"name":"(anonymous_3)","decl":{"start":{"line":47,"column":13},"end":{"line":47,"column":16}},"loc":{"start":{"line":47,"column":19},"end":{"line":47,"column":23}}}},"branchMap":{},"s":{"0":3,"1":3,"2":3,"3":3,"4":3,"5":3,"6":3,"7":3,"8":3,"9":0,"10":3,"11":3},"f":{"0":0},"b":{}}
,"C:\\Curso de React\\Proyectos\\full stack paginas desarrolladas\\ventas_kevin\\server\\src\\tests\\mocks\\products.ts": {"path":"C:\\Curso de React\\Proyectos\\full stack paginas desarrolladas\\ventas_kevin\\server\\src\\tests\\mocks\\products.ts","statementMap":{"0":{"start":{"line":1,"column":13},"end":{"line":34,"column":null}}},"fnMap":{},"branchMap":{},"s":{"0":4},"f":{},"b":{}}
,"C:\\Curso de React\\Proyectos\\full stack paginas desarrolladas\\ventas_kevin\\server\\src\\tests\\mocks\\saleProducts.ts": {"path":"C:\\Curso de React\\Proyectos\\full stack paginas desarrolladas\\ventas_kevin\\server\\src\\tests\\mocks\\saleProducts.ts","statementMap":{"0":{"start":{"line":1,"column":13},"end":{"line":78,"column":null}}},"fnMap":{},"branchMap":{},"s":{"0":2},"f":{},"b":{}}
,"C:\\Curso de React\\Proyectos\\full stack paginas desarrolladas\\ventas_kevin\\server\\src\\tests\\mocks\\sales.ts": {"path":"C:\\Curso de React\\Proyectos\\full stack paginas desarrolladas\\ventas_kevin\\server\\src\\tests\\mocks\\sales.ts","statementMap":{"0":{"start":{"line":1,"column":13},"end":{"line":78,"column":2}}},"fnMap":{},"branchMap":{},"s":{"0":3},"f":{},"b":{}}
,"C:\\Curso de React\\Proyectos\\full stack paginas desarrolladas\\ventas_kevin\\server\\src\\utils\\auth.ts": {"path":"C:\\Curso de React\\Proyectos\\full stack paginas desarrolladas\\ventas_kevin\\server\\src\\utils\\auth.ts","statementMap":{"0":{"start":{"line":1,"column":0},"end":{"line":1,"column":28}},"1":{"start":{"line":3,"column":28},"end":{"line":7,"column":1}},"2":{"start":{"line":5,"column":17},"end":{"line":5,"column":41}},"3":{"start":{"line":6,"column":4},"end":{"line":6,"column":null}},"4":{"start":{"line":3,"column":13},"end":{"line":3,"column":28}},"5":{"start":{"line":9,"column":29},"end":{"line":11,"column":1}},"6":{"start":{"line":10,"column":4},"end":{"line":10,"column":null}},"7":{"start":{"line":9,"column":13},"end":{"line":9,"column":29}}},"fnMap":{"0":{"name":"(anonymous_1)","decl":{"start":{"line":3,"column":28},"end":{"line":3,"column":33}},"loc":{"start":{"line":3,"column":55},"end":{"line":7,"column":1}}},"1":{"name":"(anonymous_2)","decl":{"start":{"line":9,"column":29},"end":{"line":9,"column":34}},"loc":{"start":{"line":9,"column":70},"end":{"line":11,"column":1}}}},"branchMap":{},"s":{"0":1,"1":1,"2":0,"3":0,"4":1,"5":1,"6":0,"7":1},"f":{"0":0,"1":0},"b":{}}
,"C:\\Curso de React\\Proyectos\\full stack paginas desarrolladas\\ventas_kevin\\server\\src\\utils\\jwt.ts": {"path":"C:\\Curso de React\\Proyectos\\full stack paginas desarrolladas\\ventas_kevin\\server\\src\\utils\\jwt.ts","statementMap":{"0":{"start":{"line":1,"column":0},"end":{"line":1,"column":31}},"1":{"start":{"line":3,"column":27},"end":{"line":10,"column":1}},"2":{"start":{"line":4,"column":4},"end":{"line":4,"column":20}},"3":{"start":{"line":5,"column":18},"end":{"line":7,"column":6}},"4":{"start":{"line":8,"column":4},"end":{"line":8,"column":17}},"5":{"start":{"line":3,"column":13},"end":{"line":3,"column":27}}},"fnMap":{"0":{"name":"(anonymous_1)","decl":{"start":{"line":3,"column":27},"end":{"line":3,"column":28}},"loc":{"start":{"line":3,"column":42},"end":{"line":10,"column":1}}}},"branchMap":{},"s":{"0":1,"1":1,"2":0,"3":0,"4":0,"5":1},"f":{"0":0},"b":{}}
,"C:\\Curso de React\\Proyectos\\full stack paginas desarrolladas\\ventas_kevin\\server\\src\\utils\\token.ts": {"path":"C:\\Curso de React\\Proyectos\\full stack paginas desarrolladas\\ventas_kevin\\server\\src\\utils\\token.ts","statementMap":{"0":{"start":{"line":1,"column":29},"end":{"line":1,"column":89}},"1":{"start":{"line":1,"column":35},"end":{"line":1,"column":89}},"2":{"start":{"line":1,"column":13},"end":{"line":1,"column":29}}},"fnMap":{"0":{"name":"(anonymous_0)","decl":{"start":{"line":1,"column":29},"end":{"line":1,"column":32}},"loc":{"start":{"line":1,"column":35},"end":{"line":1,"column":89}}}},"branchMap":{},"s":{"0":1,"1":0,"2":1},"f":{"0":0},"b":{}}
}
